[0mCompiling "resources/public/cljs/out/app.js" from ["src/cljs"]...
[32mSuccessfully compiled "resources/public/cljs/out/app.js" in 0.58 seconds.[0m
notifying browser that file changed:  resources/public/cljs/out/app.js
notifying browser that file changed:  resources/public/cljs/out/goog/deps.js
notifying browser that file changed:  out\shopping_demo\app.js
[0mCompiling "resources/public/cljs/out/app.js" from ["src/cljs"]...
[32mSuccessfully compiled "resources/public/cljs/out/app.js" in 0.662 seconds.[0m
notifying browser that file changed:  out\shopping_demo\app.js
[0mCompiling "resources/public/cljs/out/app.js" from ["src/cljs"]...
WARNING: No such namespace: r, could not locate r.cljs, r.cljc, or Closure namespace "" at line 18 src\cljs\shopping_demo\app.cljs
WARNING: Use of undeclared Var r/render-component at line 18 src\cljs\shopping_demo\app.cljs
WARNING: Use of undeclared Var shopping-demo.app/childcaller at line 18 src\cljs\shopping_demo\app.cljs
[32mSuccessfully compiled "resources/public/cljs/out/app.js" in 0.613 seconds.[0m
notifying browser that file changed:  out\shopping_demo\app.js
[0mCompiling "resources/public/cljs/out/app.js" from ["src/cljs"]...
[32mSuccessfully compiled "resources/public/cljs/out/app.js" in 2.584 seconds.[0m
notifying browser that file changed:  resources/public/cljs/out/app.js
notifying browser that file changed:  out\shopping_demo\app.js
[0mCompiling "resources/public/cljs/out/app.js" from ["src/cljs"]...
[32mSuccessfully compiled "resources/public/cljs/out/app.js" in 0.483 seconds.[0m
notifying browser that file changed:  out\shopping_demo\app.js
[0mCompiling "resources/public/cljs/out/app.js" from ["src/cljs"]...
[32mSuccessfully compiled "resources/public/cljs/out/app.js" in 0.907 seconds.[0m
notifying browser that file changed:  out\shopping_demo\app.js
[0mCompiling "resources/public/cljs/out/app.js" from ["src/cljs"]...
[32mSuccessfully compiled "resources/public/cljs/out/app.js" in 0.595 seconds.[0m
notifying browser that file changed:  out\shopping_demo\app.js
[0mCompiling "resources/public/cljs/out/app.js" from ["src/cljs"]...
[32mSuccessfully compiled "resources/public/cljs/out/app.js" in 0.455 seconds.[0m
notifying browser that file changed:  out\shopping_demo\app.js
[0mCompiling "resources/public/cljs/out/app.js" from ["src/cljs"]...
[32mSuccessfully compiled "resources/public/cljs/out/app.js" in 0.575 seconds.[0m
notifying browser that file changed:  out\shopping_demo\app.js
[0mCompiling "resources/public/cljs/out/app.js" from ["src/cljs"]...
[32mSuccessfully compiled "resources/public/cljs/out/app.js" in 0.648 seconds.[0m
notifying browser that file changed:  out\shopping_demo\app.js
[0mCompiling "resources/public/cljs/out/app.js" from ["src/cljs"]...
[32mSuccessfully compiled "resources/public/cljs/out/app.js" in 0.54 seconds.[0m
notifying browser that file changed:  out\shopping_demo\app.js
[0mCompiling "resources/public/cljs/out/app.js" from ["src/cljs"]...
[32mSuccessfully compiled "resources/public/cljs/out/app.js" in 0.581 seconds.[0m
notifying browser that file changed:  out\shopping_demo\app.js
[0mCompiling "resources/public/cljs/out/app.js" from ["src/cljs"]...
WARNING: Use of undeclared Var shopping-demo.app/app at line 33 src\cljs\shopping_demo\app.cljs
[32mSuccessfully compiled "resources/public/cljs/out/app.js" in 0.658 seconds.[0m
notifying browser that file changed:  out\shopping_demo\app.js
[0mCompiling "resources/public/cljs/out/app.js" from ["src/cljs"]...
[32mSuccessfully compiled "resources/public/cljs/out/app.js" in 0.592 seconds.[0m
notifying browser that file changed:  out\shopping_demo\app.js
[0mCompiling "resources/public/cljs/out/app.js" from ["src/cljs"]...
[32mSuccessfully compiled "resources/public/cljs/out/app.js" in 0.568 seconds.[0m
notifying browser that file changed:  out\shopping_demo\app.js
[0mCompiling "resources/public/cljs/out/app.js" from ["src/cljs"]...
[32mSuccessfully compiled "resources/public/cljs/out/app.js" in 0.649 seconds.[0m
[0mCompiling "resources/public/cljs/out/app.js" from ["src/cljs"]...
[32mSuccessfully compiled "resources/public/cljs/out/app.js" in 0.609 seconds.[0m
notifying browser that file changed:  out\shopping_demo\app.js
[0mCompiling "resources/public/cljs/out/app.js" from ["src/cljs"]...
[32mSuccessfully compiled "resources/public/cljs/out/app.js" in 0.675 seconds.[0m
notifying browser that file changed:  out\shopping_demo\app.js
[0mCompiling "resources/public/cljs/out/app.js" from ["src/cljs"]...
[32mSuccessfully compiled "resources/public/cljs/out/app.js" in 0.794 seconds.[0m
notifying browser that file changed:  out\shopping_demo\app.js
[0mCompiling "resources/public/cljs/out/app.js" from ["src/cljs"]...
WARNING: Use of undeclared Var shopping-demo.app/<footer at line 31 src\cljs\shopping_demo\app.cljs
WARNING: Use of undeclared Var shopping-demo.app/class= at line 31 src\cljs\shopping_demo\app.cljs
WARNING: No such namespace: <, could not locate _LT_.cljs, _LT_.cljc, or Closure namespace "" at line 33 src\cljs\shopping_demo\app.cljs
WARNING: Use of undeclared Var </footer> at line 33 src\cljs\shopping_demo\app.cljs
[32mSuccessfully compiled "resources/public/cljs/out/app.js" in 0.963 seconds.[0m
notifying browser that file changed:  out\shopping_demo\app.js
[0mCompiling "resources/public/cljs/out/app.js" from ["src/cljs"]...
[32mSuccessfully compiled "resources/public/cljs/out/app.js" in 0.555 seconds.[0m
notifying browser that file changed:  out\shopping_demo\app.js
[0mCompiling "resources/public/cljs/out/app.js" from ["src/cljs"]...
[32mSuccessfully compiled "resources/public/cljs/out/app.js" in 0.539 seconds.[0m
notifying browser that file changed:  out\shopping_demo\app.js
[0mCompiling "resources/public/cljs/out/app.js" from ["src/cljs"]...
[32mSuccessfully compiled "resources/public/cljs/out/app.js" in 0.631 seconds.[0m
notifying browser that file changed:  out\shopping_demo\app.js
[0mCompiling "resources/public/cljs/out/app.js" from ["src/cljs"]...
[32mSuccessfully compiled "resources/public/cljs/out/app.js" in 0.457 seconds.[0m
notifying browser that file changed:  out\shopping_demo\app.js
[0mCompiling "resources/public/cljs/out/app.js" from ["src/cljs"]...
[32mSuccessfully compiled "resources/public/cljs/out/app.js" in 0.625 seconds.[0m
notifying browser that file changed:  out\shopping_demo\app.js
[0mCompiling "resources/public/cljs/out/app.js" from ["src/cljs"]...
[32mSuccessfully compiled "resources/public/cljs/out/app.js" in 0.63 seconds.[0m
notifying browser that file changed:  out\shopping_demo\app.js
[0mCompiling "resources/public/cljs/out/app.js" from ["src/cljs"]...
[32mSuccessfully compiled "resources/public/cljs/out/app.js" in 0.702 seconds.[0m
notifying browser that file changed:  out\shopping_demo\app.js
[0mCompiling "resources/public/cljs/out/app.js" from ["src/cljs"]...
[32mSuccessfully compiled "resources/public/cljs/out/app.js" in 0.577 seconds.[0m
notifying browser that file changed:  out\shopping_demo\app.js
[0mCompiling "resources/public/cljs/out/app.js" from ["src/cljs"]...
[32mSuccessfully compiled "resources/public/cljs/out/app.js" in 0.491 seconds.[0m
notifying browser that file changed:  out\shopping_demo\app.js
[0mCompiling "resources/public/cljs/out/app.js" from ["src/cljs"]...
[32mSuccessfully compiled "resources/public/cljs/out/app.js" in 0.53 seconds.[0m
notifying browser that file changed:  out\shopping_demo\app.js
[0mCompiling "resources/public/cljs/out/app.js" from ["src/cljs"]...
[32mSuccessfully compiled "resources/public/cljs/out/app.js" in 0.681 seconds.[0m
notifying browser that file changed:  out\shopping_demo\app.js
[0mCompiling "resources/public/cljs/out/app.js" from ["src/cljs"]...
[32mSuccessfully compiled "resources/public/cljs/out/app.js" in 1.088 seconds.[0m
notifying browser that file changed:  out\shopping_demo\app.js
sending changed CSS file: resources/public/css/app.css
sending changed CSS file: resources/public/css/app.css
[0mCompiling "resources/public/cljs/out/app.js" from ["src/cljs"]...
[32mSuccessfully compiled "resources/public/cljs/out/app.js" in 0.579 seconds.[0m
notifying browser that file changed:  out\shopping_demo\app.js
[0mCompiling "resources/public/cljs/out/app.js" from ["src/cljs"]...
[32mSuccessfully compiled "resources/public/cljs/out/app.js" in 0.495 seconds.[0m
notifying browser that file changed:  out\shopping_demo\app.js
[0mCompiling "resources/public/cljs/out/app.js" from ["src/cljs"]...
[32mSuccessfully compiled "resources/public/cljs/out/app.js" in 0.619 seconds.[0m
notifying browser that file changed:  out\shopping_demo\app.js
sending changed CSS file: resources/public/css/app.css
sending changed CSS file: resources/public/css/app.css
[0mCompiling "resources/public/cljs/out/app.js" from ["src/cljs"]...
[32mSuccessfully compiled "resources/public/cljs/out/app.js" in 0.61 seconds.[0m
notifying browser that file changed:  out\shopping_demo\app.js
[0mCompiling "resources/public/cljs/out/app.js" from ["src/cljs"]...
[32mSuccessfully compiled "resources/public/cljs/out/app.js" in 0.493 seconds.[0m
notifying browser that file changed:  out\shopping_demo\app.js
[0mCompiling "resources/public/cljs/out/app.js" from ["src/cljs"]...
[32mSuccessfully compiled "resources/public/cljs/out/app.js" in 0.68 seconds.[0m
notifying browser that file changed:  out\shopping_demo\app.js
[0mCompiling "resources/public/cljs/out/app.js" from ["src/cljs"]...
[32mSuccessfully compiled "resources/public/cljs/out/app.js" in 0.479 seconds.[0m
notifying browser that file changed:  out\shopping_demo\app.js
[0mCompiling "resources/public/cljs/out/app.js" from ["src/cljs"]...
[32mSuccessfully compiled "resources/public/cljs/out/app.js" in 0.596 seconds.[0m
notifying browser that file changed:  out\shopping_demo\app.js
[0mCompiling "resources/public/cljs/out/app.js" from ["src/cljs"]...
[32mSuccessfully compiled "resources/public/cljs/out/app.js" in 0.595 seconds.[0m
notifying browser that file changed:  out\shopping_demo\app.js
[0mCompiling "resources/public/cljs/out/app.js" from ["src/cljs"]...
[32mSuccessfully compiled "resources/public/cljs/out/app.js" in 0.603 seconds.[0m
notifying browser that file changed:  out\shopping_demo\app.js
[0mCompiling "resources/public/cljs/out/app.js" from ["src/cljs"]...
[32mSuccessfully compiled "resources/public/cljs/out/app.js" in 0.718 seconds.[0m
notifying browser that file changed:  out\shopping_demo\app.js
[0mCompiling "resources/public/cljs/out/app.js" from ["src/cljs"]...
[32mSuccessfully compiled "resources/public/cljs/out/app.js" in 0.501 seconds.[0m
notifying browser that file changed:  out\shopping_demo\app.js
[0mCompiling "resources/public/cljs/out/app.js" from ["src/cljs"]...
[32mSuccessfully compiled "resources/public/cljs/out/app.js" in 0.477 seconds.[0m
notifying browser that file changed:  out\shopping_demo\app.js
[0mCompiling "resources/public/cljs/out/app.js" from ["src/cljs"]...
[32mSuccessfully compiled "resources/public/cljs/out/app.js" in 0.742 seconds.[0m
notifying browser that file changed:  out\shopping_demo\app.js
[0mCompiling "resources/public/cljs/out/app.js" from ["src/cljs"]...
[32mSuccessfully compiled "resources/public/cljs/out/app.js" in 0.47 seconds.[0m
notifying browser that file changed:  out\shopping_demo\app.js
[0mCompiling "resources/public/cljs/out/app.js" from ["src/cljs"]...
[32mSuccessfully compiled "resources/public/cljs/out/app.js" in 0.55 seconds.[0m
notifying browser that file changed:  out\shopping_demo\app.js
sending changed CSS file: resources/public/css/app.css
sending changed CSS file: resources/public/css/app.css
sending changed CSS file: resources/public/css/app.css
sending changed CSS file: resources/public/css/app.css
sending changed CSS file: resources/public/css/app.css
sending changed CSS file: resources/public/css/app.css
sending changed CSS file: resources/public/css/app.css
sending changed CSS file: resources/public/css/app.css
sending changed CSS file: resources/public/css/app.css
sending changed CSS file: resources/public/css/app.css
sending changed CSS file: resources/public/css/app.css
sending changed CSS file: resources/public/css/app.css
sending changed CSS file: resources/public/css/app.css
sending changed CSS file: resources/public/css/app.css
sending changed CSS file: resources/public/css/app.css
sending changed CSS file: resources/public/css/app.css
sending changed CSS file: resources/public/css/app.css
sending changed CSS file: resources/public/css/app.css
sending changed CSS file: resources/public/css/app.css
sending changed CSS file: resources/public/css/app.css
[0mCompiling "resources/public/cljs/out/app.js" from ["src/cljs"]...
[32mSuccessfully compiled "resources/public/cljs/out/app.js" in 0.652 seconds.[0m
notifying browser that file changed:  out\shopping_demo\app.js
[0mCompiling "resources/public/cljs/out/app.js" from ["src/cljs"]...
[31mFailed to compile "resources/public/cljs/out/app.js" in 0.312 seconds.[0m
[31mCompiling "resources/public/cljs/out/app.js" failed.
[0m[31mANALYSIS ERROR: Unsupported binding form: (clojure.core/deref state) at line 49 src\cljs\shopping_demo\app.cljs on file src\cljs\shopping_demo\app.cljs, line 49, column 3[0m
[0mCompiling "resources/public/cljs/out/app.js" from ["src/cljs"]...
[31mFailed to compile "resources/public/cljs/out/app.js" in 0.272 seconds.[0m
[31mCompiling "resources/public/cljs/out/app.js" failed.
[0m[31mANALYSIS ERROR: Unsupported binding form: (clojure.core/deref state) at line 49 src\cljs\shopping_demo\app.cljs on file src\cljs\shopping_demo\app.cljs, line 49, column 3[0m
[0mCompiling "resources/public/cljs/out/app.js" from ["src/cljs"]...
[31mFailed to compile "resources/public/cljs/out/app.js" in 0.364 seconds.[0m
[31mCompiling "resources/public/cljs/out/app.js" failed.
[0m[31mANALYSIS ERROR: Unsupported binding form: (clojure.core/deref state) at line 49 src\cljs\shopping_demo\app.cljs on file src\cljs\shopping_demo\app.cljs, line 49, column 3[0m
[0mCompiling "resources/public/cljs/out/app.js" from ["src/cljs"]...
[31mFailed to compile "resources/public/cljs/out/app.js" in 0.281 seconds.[0m
[31mCompiling "resources/public/cljs/out/app.js" failed.
[0m[31mANALYSIS ERROR: Unsupported binding form: (clojure.core/deref state) at line 49 src\cljs\shopping_demo\app.cljs on file src\cljs\shopping_demo\app.cljs, line 49, column 3[0m
[0mCompiling "resources/public/cljs/out/app.js" from ["src/cljs"]...
[31mFailed to compile "resources/public/cljs/out/app.js" in 0.267 seconds.[0m
[31mCompiling "resources/public/cljs/out/app.js" failed.
[0m[31mANALYSIS ERROR: Unsupported binding form: (clojure.core/deref state) at line 49 src\cljs\shopping_demo\app.cljs on file src\cljs\shopping_demo\app.cljs, line 49, column 3[0m
[0mCompiling "resources/public/cljs/out/app.js" from ["src/cljs"]...
[31mFailed to compile "resources/public/cljs/out/app.js" in 0.321 seconds.[0m
[31mCompiling "resources/public/cljs/out/app.js" failed.
[0m[31mANALYSIS ERROR: Unsupported binding form: (clojure.core/deref state) at line 48 src\cljs\shopping_demo\app.cljs on file src\cljs\shopping_demo\app.cljs, line 48, column 1[0m
[0mCompiling "resources/public/cljs/out/app.js" from ["src/cljs"]...
[32mSuccessfully compiled "resources/public/cljs/out/app.js" in 0.514 seconds.[0m
notifying browser that file changed:  out\shopping_demo\app.js
[0mCompiling "resources/public/cljs/out/app.js" from ["src/cljs"]...
WARNING: Wrong number of args (1) passed to shopping-demo.app/header at line 51 src\cljs\shopping_demo\app.cljs
WARNING: Wrong number of args (1) passed to shopping-demo.app/breadcrumbs at line 52 src\cljs\shopping_demo\app.cljs
WARNING: Wrong number of args (1) passed to shopping-demo.app/content at line 53 src\cljs\shopping_demo\app.cljs
WARNING: Wrong number of args (1) passed to shopping-demo.app/footer at line 54 src\cljs\shopping_demo\app.cljs
[32mSuccessfully compiled "resources/public/cljs/out/app.js" in 0.579 seconds.[0m
notifying browser that file changed:  out\shopping_demo\app.js
[0mCompiling "resources/public/cljs/out/app.js" from ["src/cljs"]...
[32mSuccessfully compiled "resources/public/cljs/out/app.js" in 0.528 seconds.[0m
notifying browser that file changed:  out\shopping_demo\app.js
[0mCompiling "resources/public/cljs/out/app.js" from ["src/cljs"]...
[32mSuccessfully compiled "resources/public/cljs/out/app.js" in 0.578 seconds.[0m
notifying browser that file changed:  out\shopping_demo\app.js
[0mCompiling "resources/public/cljs/out/app.js" from ["src/cljs"]...
[31mFailed to compile "resources/public/cljs/out/app.js" in 0.291 seconds.[0m
[31mCompiling "resources/public/cljs/out/app.js" failed.
[0m[31mERROR: Unmatched delimiter ) on file C:\Users\IBM_ADMIN\developement\personal\shopping-demo\src\cljs\shopping_demo\app.cljs, line 7, column 41[0m
[0mCompiling "resources/public/cljs/out/app.js" from ["src/cljs"]...
[32mSuccessfully compiled "resources/public/cljs/out/app.js" in 0.523 seconds.[0m
notifying browser that file changed:  out\shopping_demo\app.js
[0mCompiling "resources/public/cljs/out/app.js" from ["src/cljs"]...
[32mSuccessfully compiled "resources/public/cljs/out/app.js" in 0.624 seconds.[0m
notifying browser that file changed:  out\shopping_demo\app.js
[0mCompiling "resources/public/cljs/out/app.js" from ["src/cljs"]...
[32mSuccessfully compiled "resources/public/cljs/out/app.js" in 0.59 seconds.[0m
notifying browser that file changed:  out\shopping_demo\app.js
[0mCompiling "resources/public/cljs/out/app.js" from ["src/cljs"]...
[32mSuccessfully compiled "resources/public/cljs/out/app.js" in 0.692 seconds.[0m
notifying browser that file changed:  out\shopping_demo\app.js
sending changed CSS file: resources/public/css/app.css
sending changed CSS file: resources/public/css/app.css
sending changed CSS file: resources/public/css/app.css
sending changed CSS file: resources/public/css/app.css
[0mCompiling "resources/public/cljs/out/app.js" from ["src/cljs"]...
[32mSuccessfully compiled "resources/public/cljs/out/app.js" in 0.69 seconds.[0m
notifying browser that file changed:  out\shopping_demo\app.js
[0mCompiling "resources/public/cljs/out/app.js" from ["src/cljs"]...
[32mSuccessfully compiled "resources/public/cljs/out/app.js" in 0.458 seconds.[0m
notifying browser that file changed:  out\shopping_demo\app.js
[0mCompiling "resources/public/cljs/out/app.js" from ["src/cljs"]...
[32mSuccessfully compiled "resources/public/cljs/out/app.js" in 0.658 seconds.[0m
notifying browser that file changed:  out\shopping_demo\app.js
sending changed CSS file: resources/public/css/app.css
sending changed CSS file: resources/public/css/app.css
sending changed CSS file: resources/public/css/app.css
[0mCompiling "resources/public/cljs/out/app.js" from ["src/cljs"]...
[32mSuccessfully compiled "resources/public/cljs/out/app.js" in 0.596 seconds.[0m
notifying browser that file changed:  out\shopping_demo\app.js
sending changed CSS file: resources/public/css/app.css
sending changed CSS file: resources/public/css/app.css
sending changed CSS file: resources/public/css/app.css
sending changed CSS file: resources/public/css/app.css
sending changed CSS file: resources/public/css/app.css
sending changed CSS file: resources/public/css/app.css
sending changed CSS file: resources/public/css/app.css
sending changed CSS file: resources/public/css/app.css
sending changed CSS file: resources/public/css/app.css
sending changed CSS file: resources/public/css/app.css
sending changed CSS file: resources/public/css/app.css
sending changed CSS file: resources/public/css/app.css
sending changed CSS file: resources/public/css/app.css
sending changed CSS file: resources/public/css/app.css
[0mCompiling "resources/public/cljs/out/app.js" from ["src/cljs"]...
[32mSuccessfully compiled "resources/public/cljs/out/app.js" in 0.73 seconds.[0m
notifying browser that file changed:  out\shopping_demo\app.js
[0mCompiling "resources/public/cljs/out/app.js" from ["src/cljs"]...
[32mSuccessfully compiled "resources/public/cljs/out/app.js" in 0.594 seconds.[0m
notifying browser that file changed:  out\shopping_demo\app.js
[0mCompiling "resources/public/cljs/out/app.js" from ["src/cljs"]...
[32mSuccessfully compiled "resources/public/cljs/out/app.js" in 0.637 seconds.[0m
notifying browser that file changed:  out\shopping_demo\app.js
[0mCompiling "resources/public/cljs/out/app.js" from ["src/cljs"]...
[32mSuccessfully compiled "resources/public/cljs/out/app.js" in 0.703 seconds.[0m
notifying browser that file changed:  out\shopping_demo\app.js
[0mCompiling "resources/public/cljs/out/app.js" from ["src/cljs"]...
[32mSuccessfully compiled "resources/public/cljs/out/app.js" in 0.618 seconds.[0m
notifying browser that file changed:  out\shopping_demo\app.js
[0mCompiling "resources/public/cljs/out/app.js" from ["src/cljs"]...
[32mSuccessfully compiled "resources/public/cljs/out/app.js" in 0.63 seconds.[0m
notifying browser that file changed:  out\shopping_demo\app.js
[0mCompiling "resources/public/cljs/out/app.js" from ["src/cljs"]...
[32mSuccessfully compiled "resources/public/cljs/out/app.js" in 0.568 seconds.[0m
notifying browser that file changed:  out\shopping_demo\app.js
sending changed CSS file: resources/public/css/app.css
sending changed CSS file: resources/public/css/app.css
sending changed CSS file: resources/public/css/app.css
sending changed CSS file: resources/public/css/app.css
[0mCompiling "resources/public/cljs/out/app.js" from ["src/cljs"]...
[32mSuccessfully compiled "resources/public/cljs/out/app.js" in 0.574 seconds.[0m
notifying browser that file changed:  out\shopping_demo\app.js
sending changed CSS file: resources/public/css/app.css
sending changed CSS file: resources/public/css/app.css
[0mCompiling "resources/public/cljs/out/app.js" from ["src/cljs"]...
[32mSuccessfully compiled "resources/public/cljs/out/app.js" in 0.64 seconds.[0m
notifying browser that file changed:  out\shopping_demo\app.js
sending changed CSS file: resources/public/css/app.css
sending changed CSS file: resources/public/css/app.css
sending changed CSS file: resources/public/css/app.css
sending changed CSS file: resources/public/css/app.css
sending changed CSS file: resources/public/css/app.css
sending changed CSS file: resources/public/css/app.css
sending changed CSS file: resources/public/css/app.css
sending changed CSS file: resources/public/css/app.css
sending changed CSS file: resources/public/css/app.css
sending changed CSS file: resources/public/css/app.css
[0mCompiling "resources/public/cljs/out/app.js" from ["src/cljs"]...
[32mSuccessfully compiled "resources/public/cljs/out/app.js" in 0.68 seconds.[0m
notifying browser that file changed:  out\shopping_demo\app.js
sending changed CSS file: resources/public/css/app.css
sending changed CSS file: resources/public/css/app.css
sending changed CSS file: resources/public/css/app.css
sending changed CSS file: resources/public/css/app.css
[0mCompiling "resources/public/cljs/out/app.js" from ["src/cljs"]...
[32mSuccessfully compiled "resources/public/cljs/out/app.js" in 0.679 seconds.[0m
notifying browser that file changed:  out\shopping_demo\app.js
sending changed CSS file: resources/public/css/app.css
sending changed CSS file: resources/public/css/app.css
sending changed CSS file: resources/public/css/app.css
[0mCompiling "resources/public/cljs/out/app.js" from ["src/cljs"]...
[32mSuccessfully compiled "resources/public/cljs/out/app.js" in 0.559 seconds.[0m
notifying browser that file changed:  out\shopping_demo\app.js
sending changed CSS file: resources/public/css/app.css
sending changed CSS file: resources/public/css/app.css
[0mCompiling "resources/public/cljs/out/app.js" from ["src/cljs"]...
[32mSuccessfully compiled "resources/public/cljs/out/app.js" in 0.759 seconds.[0m
notifying browser that file changed:  out\shopping_demo\app.js
[0mCompiling "resources/public/cljs/out/app.js" from ["src/cljs"]...
[32mSuccessfully compiled "resources/public/cljs/out/app.js" in 0.634 seconds.[0m
notifying browser that file changed:  resources/public/cljs/out/app.js
notifying browser that file changed:  out\shopping_demo\app.js
[0mCompiling "resources/public/cljs/out/app.js" from ["src/cljs"]...
[32mSuccessfully compiled "resources/public/cljs/out/app.js" in 0.654 seconds.[0m
notifying browser that file changed:  out\shopping_demo\app.js
[0mCompiling "resources/public/cljs/out/app.js" from ["src/cljs"]...
[32mSuccessfully compiled "resources/public/cljs/out/app.js" in 0.531 seconds.[0m
notifying browser that file changed:  out\shopping_demo\app.js
[0mCompiling "resources/public/cljs/out/app.js" from ["src/cljs"]...
[32mSuccessfully compiled "resources/public/cljs/out/app.js" in 0.649 seconds.[0m
notifying browser that file changed:  out\shopping_demo\app.js
[0mCompiling "resources/public/cljs/out/app.js" from ["src/cljs"]...
[32mSuccessfully compiled "resources/public/cljs/out/app.js" in 0.579 seconds.[0m
notifying browser that file changed:  out\shopping_demo\app.js
[0mCompiling "resources/public/cljs/out/app.js" from ["src/cljs"]...
[32mSuccessfully compiled "resources/public/cljs/out/app.js" in 0.596 seconds.[0m
notifying browser that file changed:  out\shopping_demo\app.js
[0mCompiling "resources/public/cljs/out/app.js" from ["src/cljs"]...
[32mSuccessfully compiled "resources/public/cljs/out/app.js" in 0.572 seconds.[0m
notifying browser that file changed:  out\shopping_demo\app.js
[0mCompiling "resources/public/cljs/out/app.js" from ["src/cljs"]...
[32mSuccessfully compiled "resources/public/cljs/out/app.js" in 0.672 seconds.[0m
notifying browser that file changed:  out\shopping_demo\app.js
[0mCompiling "resources/public/cljs/out/app.js" from ["src/cljs"]...
[32mSuccessfully compiled "resources/public/cljs/out/app.js" in 0.603 seconds.[0m
notifying browser that file changed:  out\shopping_demo\app.js
[0mCompiling "resources/public/cljs/out/app.js" from ["src/cljs"]...
[32mSuccessfully compiled "resources/public/cljs/out/app.js" in 0.517 seconds.[0m
notifying browser that file changed:  out\shopping_demo\app.js
[0mCompiling "resources/public/cljs/out/app.js" from ["src/cljs"]...
[32mSuccessfully compiled "resources/public/cljs/out/app.js" in 0.721 seconds.[0m
notifying browser that file changed:  out\shopping_demo\app.js
[0mCompiling "resources/public/cljs/out/app.js" from ["src/cljs"]...
[32mSuccessfully compiled "resources/public/cljs/out/app.js" in 0.647 seconds.[0m
notifying browser that file changed:  out\shopping_demo\app.js
[0mCompiling "resources/public/cljs/out/app.js" from ["src/cljs"]...
[32mSuccessfully compiled "resources/public/cljs/out/app.js" in 0.617 seconds.[0m
notifying browser that file changed:  out\shopping_demo\app.js
[0mCompiling "resources/public/cljs/out/app.js" from ["src/cljs"]...
[32mSuccessfully compiled "resources/public/cljs/out/app.js" in 0.551 seconds.[0m
notifying browser that file changed:  out\shopping_demo\app.js
[0mCompiling "resources/public/cljs/out/app.js" from ["src/cljs"]...
[32mSuccessfully compiled "resources/public/cljs/out/app.js" in 0.6 seconds.[0m
notifying browser that file changed:  out\shopping_demo\app.js
[0mCompiling "resources/public/cljs/out/app.js" from ["src/cljs"]...
notifying browser that file changed:  resources/public/cljs/out/app.js
notifying browser that file changed:  resources/public/cljs/out/goog/deps.js
notifying browser that file changed:  out\shopping_demo\app.js
[32mSuccessfully compiled "resources/public/cljs/out/app.js" in 1.024 seconds.[0m
[0mCompiling "resources/public/cljs/out/app.js" from ["src/cljs"]...
notifying browser that file changed:  out\shopping_demo\app.js
[32mSuccessfully compiled "resources/public/cljs/out/app.js" in 0.821 seconds.[0m
[0mCompiling "resources/public/cljs/out/app.js" from ["src/cljs"]...
notifying browser that file changed:  resources/public/cljs/out/app.js
notifying browser that file changed:  out\shopping_demo\app.js
[32mSuccessfully compiled "resources/public/cljs/out/app.js" in 2.688 seconds.[0m
[0mCompiling "resources/public/cljs/out/app.js" from ["src/cljs"]...
notifying browser that file changed:  out\shopping_demo\app.js
[32mSuccessfully compiled "resources/public/cljs/out/app.js" in 0.882 seconds.[0m
[0mCompiling "resources/public/cljs/out/app.js" from ["src/cljs"]...
notifying browser that file changed:  out\shopping_demo\app.js
[32mSuccessfully compiled "resources/public/cljs/out/app.js" in 0.916 seconds.[0m
[0mCompiling "resources/public/cljs/out/app.js" from ["src/cljs"]...
notifying browser that file changed:  out\shopping_demo\app.js
[32mSuccessfully compiled "resources/public/cljs/out/app.js" in 0.808 seconds.[0m
[0mCompiling "resources/public/cljs/out/app.js" from ["src/cljs"]...
[31mCompiling "resources/public/cljs/out/app.js" failed.
[0mERROR: EOF while reading, starting at line 13 and column 1 on file C:\Users\IBM_ADMIN\developement\personal\shopping-demo\src\cljs\shopping_demo\app.cljs, line 83, column 1
[32mSuccessfully compiled "resources/public/cljs/out/app.js" in 0.45 seconds.[0m
[0mCompiling "resources/public/cljs/out/app.js" from ["src/cljs"]...
[31mCompiling "resources/public/cljs/out/app.js" failed.
[0mERROR: EOF while reading, starting at line 13 and column 1 on file C:\Users\IBM_ADMIN\developement\personal\shopping-demo\src\cljs\shopping_demo\app.cljs, line 83, column 1
[32mSuccessfully compiled "resources/public/cljs/out/app.js" in 0.456 seconds.[0m
[0mCompiling "resources/public/cljs/out/app.js" from ["src/cljs"]...
notifying browser that file changed:  out\shopping_demo\app.js
[32mSuccessfully compiled "resources/public/cljs/out/app.js" in 0.871 seconds.[0m
[0mCompiling "resources/public/cljs/out/app.js" from ["src/cljs"]...
notifying browser that file changed:  out\shopping_demo\app.js
[32mSuccessfully compiled "resources/public/cljs/out/app.js" in 1.037 seconds.[0m
[0mCompiling "resources/public/cljs/out/app.js" from ["src/cljs"]...
[31mCompiling "resources/public/cljs/out/app.js" failed.
[0mANALYSIS ERROR: No value supplied for key: :shopping-demo.app/price at line 14 src\cljs\shopping_demo\app.cljs on file src\cljs\shopping_demo\app.cljs, line 14, column 18
[32mSuccessfully compiled "resources/public/cljs/out/app.js" in 0.512 seconds.[0m
[0mCompiling "resources/public/cljs/out/app.js" from ["src/cljs"]...
[31mCompiling "resources/public/cljs/out/app.js" failed.
[0mANALYSIS ERROR: No value supplied for key: :shopping-demo.app/price at line 21 src\cljs\shopping_demo\app.cljs on file src\cljs\shopping_demo\app.cljs, line 21, column 18
[32mSuccessfully compiled "resources/public/cljs/out/app.js" in 0.621 seconds.[0m
[0mCompiling "resources/public/cljs/out/app.js" from ["src/cljs"]...
notifying browser that file changed:  out\shopping_demo\app.js
[32mSuccessfully compiled "resources/public/cljs/out/app.js" in 0.841 seconds.[0m
[0mCompiling "resources/public/cljs/out/app.js" from ["src/cljs"]...
notifying browser that file changed:  out\shopping_demo\app.js
[32mSuccessfully compiled "resources/public/cljs/out/app.js" in 0.85 seconds.[0m
[0mCompiling "resources/public/cljs/out/app.js" from ["src/cljs"]...
notifying browser that file changed:  out\shopping_demo\app.js
[32mSuccessfully compiled "resources/public/cljs/out/app.js" in 0.611 seconds.[0m
[0mCompiling "resources/public/cljs/out/app.js" from ["src/cljs"]...
notifying browser that file changed:  out\shopping_demo\app.js
[32mSuccessfully compiled "resources/public/cljs/out/app.js" in 0.844 seconds.[0m
[0mCompiling "resources/public/cljs/out/app.js" from ["src/cljs"]...
notifying browser that file changed:  out\shopping_demo\app.js
[32mSuccessfully compiled "resources/public/cljs/out/app.js" in 1.102 seconds.[0m
[0mCompiling "resources/public/cljs/out/app.js" from ["src/cljs"]...
notifying browser that file changed:  out\shopping_demo\app.js
[32mSuccessfully compiled "resources/public/cljs/out/app.js" in 0.846 seconds.[0m
[0mCompiling "resources/public/cljs/out/app.js" from ["src/cljs"]...
notifying browser that file changed:  out\shopping_demo\app.js
[32mSuccessfully compiled "resources/public/cljs/out/app.js" in 0.903 seconds.[0m
[0mCompiling "resources/public/cljs/out/app.js" from ["src/cljs"]...
notifying browser that file changed:  out\shopping_demo\app.js
[32mSuccessfully compiled "resources/public/cljs/out/app.js" in 0.736 seconds.[0m
[0mCompiling "resources/public/cljs/out/app.js" from ["src/cljs"]...
notifying browser that file changed:  out\shopping_demo\app.js
[32mSuccessfully compiled "resources/public/cljs/out/app.js" in 1.057 seconds.[0m
[0mCompiling "resources/public/cljs/out/app.js" from ["src/cljs"]...
[31mCompiling "resources/public/cljs/out/app.js" failed.
[0mANALYSIS ERROR: No such namespace: goog., could not locate goog/.cljs, goog/.cljc, or Closure namespace "goog." in file src\cljs\shopping_demo\app.cljs on file null, line null, column null
[32mSuccessfully compiled "resources/public/cljs/out/app.js" in 0.468 seconds.[0m
[0mCompiling "resources/public/cljs/out/app.js" from ["src/cljs"]...
[31mCompiling "resources/public/cljs/out/app.js" failed.
[0mANALYSIS ERROR: No such namespace: goog., could not locate goog/.cljs, goog/.cljc, or Closure namespace "goog." in file src\cljs\shopping_demo\app.cljs on file null, line null, column null
[32mSuccessfully compiled "resources/public/cljs/out/app.js" in 0.417 seconds.[0m
[0mCompiling "resources/public/cljs/out/app.js" from ["src/cljs"]...
[31mCompiling "resources/public/cljs/out/app.js" failed.
[0mANALYSIS ERROR: No such namespace: goog.i18n., could not locate goog/i18n/.cljs, goog/i18n/.cljc, or Closure namespace "goog.i18n." in file src\cljs\shopping_demo\app.cljs on file null, line null, column null
[32mSuccessfully compiled "resources/public/cljs/out/app.js" in 0.424 seconds.[0m
[0mCompiling "resources/public/cljs/out/app.js" from ["src/cljs"]...
[31mCompiling "resources/public/cljs/out/app.js" failed.
[0mclojure.lang.ExceptionInfo: Only :as alias, :refer (names) and :rename {from to} options supported in :require; offending spec: [goog.i18n.NumberFormat gnformat] at line 1 src\cljs\shopping_demo\app.cljs
 at clojure.core$ex_info.invokeStatic (core.clj:4725)
    clojure.core$ex_info.invoke (core.clj:4725)
    cljs.analyzer$error.invokeStatic (analyzer.cljc:632)
    cljs.analyzer$error.invoke (analyzer.cljc:628)
    cljs.analyzer$error.invokeStatic (analyzer.cljc:630)
    cljs.analyzer$error.invoke (analyzer.cljc:628)
    cljs.analyzer$basic_validate_ns_spec.invokeStatic (analyzer.cljc:1901)
    cljs.analyzer$basic_validate_ns_spec.invoke (analyzer.cljc:1887)
    cljs.analyzer$parse_require_spec.invokeStatic (analyzer.cljc:1995)
    cljs.analyzer$parse_require_spec.invoke (analyzer.cljc:1991)
    clojure.lang.AFn.applyToHelper (AFn.java:171)
    clojure.lang.AFn.applyTo (AFn.java:144)
    clojure.core$apply.invokeStatic (core.clj:663)
    clojure.core$partial$fn__6855.doInvoke (core.clj:2616)
    clojure.lang.RestFn.invoke (RestFn.java:408)
    clojure.core$map$fn__6875.invoke (core.clj:2726)
    clojure.lang.LazySeq.sval (LazySeq.java:40)
    clojure.lang.LazySeq.seq (LazySeq.java:49)
    clojure.lang.ChunkedCons.chunkedNext (ChunkedCons.java:59)
    clojure.core$chunk_next.invokeStatic (core.clj:700)
    clojure.core$reduce1.invokeStatic (core.clj:934)
    clojure.core$reduce1.invokeStatic (core.clj:926)
    clojure.core$merge_with.invokeStatic (core.clj:3032)
    clojure.core$merge_with.doInvoke (core.clj:3024)
    clojure.lang.RestFn.applyTo (RestFn.java:139)
    clojure.core$apply.invokeStatic (core.clj:661)
    clojure.core$apply.invoke (core.clj:652)
    cljs.analyzer$eval3482$fn__3484$fn__3498.invoke (analyzer.cljc:2252)
    clojure.core.protocols$fn__9137.invokeStatic (protocols.clj:167)
    clojure.core.protocols/fn (protocols.clj:124)
[32mSuccessfully compiled "resources/public/cljs/out/app.js" in 0.149 seconds.[0m
[0mCompiling "resources/public/cljs/out/app.js" from ["src/cljs"]...
notifying browser that file changed:  resources/public/cljs/out/app.js
notifying browser that file changed:  out\shopping_demo\app.js
[32mSuccessfully compiled "resources/public/cljs/out/app.js" in 0.845 seconds.[0m
[0mCompiling "resources/public/cljs/out/app.js" from ["src/cljs"]...
notifying browser that file changed:  out\shopping_demo\app.js
[32mSuccessfully compiled "resources/public/cljs/out/app.js" in 0.765 seconds.[0m
[0mCompiling "resources/public/cljs/out/app.js" from ["src/cljs"]...
[31mCompiling "resources/public/cljs/out/app.js" failed.
[0mANALYSIS ERROR: Unknown dot form of (. gnformat nil nil) with classification [:cljs.analyzer/expr :cljs.analyzer/error ()] at line 8 src\cljs\shopping_demo\app.cljs on file src\cljs\shopping_demo\app.cljs, line 8, column 1
[32mSuccessfully compiled "resources/public/cljs/out/app.js" in 0.446 seconds.[0m
[0mCompiling "resources/public/cljs/out/app.js" from ["src/cljs"]...
[31mCompiling "resources/public/cljs/out/app.js" failed.
[0mANALYSIS ERROR: Unknown dot form of (. NumberFormat nil nil) with classification [:cljs.analyzer/expr :cljs.analyzer/error ()] at line 8 src\cljs\shopping_demo\app.cljs on file src\cljs\shopping_demo\app.cljs, line 8, column 1
[32mSuccessfully compiled "resources/public/cljs/out/app.js" in 0.442 seconds.[0m
[0mCompiling "resources/public/cljs/out/app.js" from ["src/cljs"]...
[31mCompiling "resources/public/cljs/out/app.js" failed.
[0mERROR: Invalid token: NumberFormat/Format/ on file C:\Users\IBM_ADMIN\developement\personal\shopping-demo\src\cljs\shopping_demo\app.cljs, line 8, column 21
[32mSuccessfully compiled "resources/public/cljs/out/app.js" in 0.393 seconds.[0m
[0mCompiling "resources/public/cljs/out/app.js" from ["src/cljs"]...
WARNING: Use of undeclared Var shopping-demo.app/NumberFormat at line 8 src\cljs\shopping_demo\app.cljs
WARNING: Use of undeclared Var shopping-demo.app/NumberFormat at line 8 src\cljs\shopping_demo\app.cljs
notifying browser that file changed:  out\shopping_demo\app.js
[32mSuccessfully compiled "resources/public/cljs/out/app.js" in 0.818 seconds.[0m
[0mCompiling "resources/public/cljs/out/app.js" from ["src/cljs"]...
notifying browser that file changed:  out\shopping_demo\app.js
[32mSuccessfully compiled "resources/public/cljs/out/app.js" in 0.991 seconds.[0m
[0mCompiling "resources/public/cljs/out/app.js" from ["src/cljs"]...
notifying browser that file changed:  out\shopping_demo\app.js
[32mSuccessfully compiled "resources/public/cljs/out/app.js" in 0.766 seconds.[0m
[0mCompiling "resources/public/cljs/out/app.js" from ["src/cljs"]...
notifying browser that file changed:  out\shopping_demo\app.js
[32mSuccessfully compiled "resources/public/cljs/out/app.js" in 0.666 seconds.[0m
[0mCompiling "resources/public/cljs/out/app.js" from ["src/cljs"]...
notifying browser that file changed:  out\shopping_demo\app.js
[32mSuccessfully compiled "resources/public/cljs/out/app.js" in 1.112 seconds.[0m
[0mCompiling "resources/public/cljs/out/app.js" from ["src/cljs"]...
notifying browser that file changed:  out\shopping_demo\app.js
[32mSuccessfully compiled "resources/public/cljs/out/app.js" in 0.978 seconds.[0m
[0mCompiling "resources/public/cljs/out/app.js" from ["src/cljs"]...
WARNING: Use of undeclared Var reagent.impl.util/f at line 13 src\cljs\shopping_demo\app.cljs
notifying browser that file changed:  resources/public/cljs/out/app.js
notifying browser that file changed:  out\shopping_demo\app.js
[32mSuccessfully compiled "resources/public/cljs/out/app.js" in 0.914 seconds.[0m
[0mCompiling "resources/public/cljs/out/app.js" from ["src/cljs"]...
[31mCompiling "resources/public/cljs/out/app.js" failed.
[0mANALYSIS ERROR: No such namespace: reagent.format, could not locate reagent/format.cljs, reagent/format.cljc, or Closure namespace "reagent.format" in file src\cljs\shopping_demo\app.cljs on file null, line null, column null
[32mSuccessfully compiled "resources/public/cljs/out/app.js" in 0.501 seconds.[0m
[0mCompiling "resources/public/cljs/out/app.js" from ["src/cljs"]...
notifying browser that file changed:  resources/public/cljs/out/app.js
notifying browser that file changed:  out\shopping_demo\app.js
[32mSuccessfully compiled "resources/public/cljs/out/app.js" in 0.809 seconds.[0m
[0mCompiling "resources/public/cljs/out/app.js" from ["src/cljs"]...
notifying browser that file changed:  out\shopping_demo\app.js
[32mSuccessfully compiled "resources/public/cljs/out/app.js" in 0.725 seconds.[0m
[0mCompiling "resources/public/cljs/out/app.js" from ["src/cljs"]...
notifying browser that file changed:  out\shopping_demo\app.js
[32mSuccessfully compiled "resources/public/cljs/out/app.js" in 1.089 seconds.[0m
[0mCompiling "resources/public/cljs/out/app.js" from ["src/cljs"]...
notifying browser that file changed:  out\shopping_demo\app.js
[32mSuccessfully compiled "resources/public/cljs/out/app.js" in 0.919 seconds.[0m
sending changed CSS file: resources/public/css/app.css
sending changed CSS file: resources/public/css/app.css
sending changed CSS file: resources/public/css/app.css
sending changed CSS file: resources/public/css/app.css
sending changed CSS file: resources/public/css/app.css
sending changed CSS file: resources/public/css/app.css
[0mCompiling "resources/public/cljs/out/app.js" from ["src/cljs"]...
notifying browser that file changed:  resources/public/cljs/out/app.js
notifying browser that file changed:  resources/public/cljs/out/goog/deps.js
notifying browser that file changed:  out\shopping_demo\app.js
[32mSuccessfully compiled "resources/public/cljs/out/app.js" in 1.508 seconds.[0m
[0mCompiling "resources/public/cljs/out/app.js" from ["src/cljs"]...
notifying browser that file changed:  out\shopping_demo\app.js
[32mSuccessfully compiled "resources/public/cljs/out/app.js" in 0.977 seconds.[0m
[0mCompiling "resources/public/cljs/out/app.js" from ["src/cljs"]...
notifying browser that file changed:  out\shopping_demo\app.js
[32mSuccessfully compiled "resources/public/cljs/out/app.js" in 1.106 seconds.[0m
[0mCompiling "resources/public/cljs/out/app.js" from ["src/cljs"]...
notifying browser that file changed:  out\shopping_demo\app.js
[32mSuccessfully compiled "resources/public/cljs/out/app.js" in 0.893 seconds.[0m
[0mCompiling "resources/public/cljs/out/app.js" from ["src/cljs"]...
notifying browser that file changed:  out\shopping_demo\app.js
[32mSuccessfully compiled "resources/public/cljs/out/app.js" in 0.737 seconds.[0m
[0mCompiling "resources/public/cljs/out/app.js" from ["src/cljs"]...
notifying browser that file changed:  out\shopping_demo\app.js
[32mSuccessfully compiled "resources/public/cljs/out/app.js" in 0.828 seconds.[0m
[0mCompiling "resources/public/cljs/out/app.js" from ["src/cljs"]...
notifying browser that file changed:  out\shopping_demo\app.js
[32mSuccessfully compiled "resources/public/cljs/out/app.js" in 0.776 seconds.[0m
[0mCompiling "resources/public/cljs/out/app.js" from ["src/cljs"]...
notifying browser that file changed:  out\shopping_demo\app.js
[32mSuccessfully compiled "resources/public/cljs/out/app.js" in 0.93 seconds.[0m
[0mCompiling "resources/public/cljs/out/app.js" from ["src/cljs"]...
notifying browser that file changed:  out\shopping_demo\app.js
[32mSuccessfully compiled "resources/public/cljs/out/app.js" in 0.981 seconds.[0m
[0mCompiling "resources/public/cljs/out/app.js" from ["src/cljs"]...
notifying browser that file changed:  out\shopping_demo\app.js
[32mSuccessfully compiled "resources/public/cljs/out/app.js" in 0.742 seconds.[0m
[0mCompiling "resources/public/cljs/out/app.js" from ["src/cljs"]...
notifying browser that file changed:  out\shopping_demo\app.js
[32mSuccessfully compiled "resources/public/cljs/out/app.js" in 0.932 seconds.[0m
[0mCompiling "resources/public/cljs/out/app.js" from ["src/cljs"]...
notifying browser that file changed:  out\shopping_demo\app.js
[32mSuccessfully compiled "resources/public/cljs/out/app.js" in 0.992 seconds.[0m
[0mCompiling "resources/public/cljs/out/app.js" from ["src/cljs"]...
notifying browser that file changed:  out\shopping_demo\app.js
[32mSuccessfully compiled "resources/public/cljs/out/app.js" in 0.981 seconds.[0m
[0mCompiling "resources/public/cljs/out/app.js" from ["src/cljs"]...
notifying browser that file changed:  out\shopping_demo\app.js
[32mSuccessfully compiled "resources/public/cljs/out/app.js" in 0.826 seconds.[0m
[0mCompiling "resources/public/cljs/out/app.js" from ["src/cljs"]...
notifying browser that file changed:  out\shopping_demo\app.js
[32mSuccessfully compiled "resources/public/cljs/out/app.js" in 1.328 seconds.[0m
sending changed CSS file: resources/public/css/app.css
sending changed CSS file: resources/public/css/app.css
[0mCompiling "resources/public/cljs/out/app.js" from ["src/cljs"]...
notifying browser that file changed:  out\shopping_demo\app.js
[32mSuccessfully compiled "resources/public/cljs/out/app.js" in 1.408 seconds.[0m
[0mCompiling "resources/public/cljs/out/app.js" from ["src/cljs"]...
notifying browser that file changed:  out\shopping_demo\app.js
[32mSuccessfully compiled "resources/public/cljs/out/app.js" in 1.752 seconds.[0m
[0mCompiling "resources/public/cljs/out/app.js" from ["src/cljs"]...
notifying browser that file changed:  out\shopping_demo\app.js
[32mSuccessfully compiled "resources/public/cljs/out/app.js" in 0.962 seconds.[0m
sending changed CSS file: resources/public/css/app.css
sending changed CSS file: resources/public/css/app.css
sending changed CSS file: resources/public/css/app.css
sending changed CSS file: resources/public/css/app.css
[0mCompiling "resources/public/cljs/out/app.js" from ["src/cljs"]...
notifying browser that file changed:  out\shopping_demo\app.js
[32mSuccessfully compiled "resources/public/cljs/out/app.js" in 1.492 seconds.[0m
[0mCompiling "resources/public/cljs/out/app.js" from ["src/cljs"]...
notifying browser that file changed:  out\shopping_demo\app.js
[32mSuccessfully compiled "resources/public/cljs/out/app.js" in 0.884 seconds.[0m
[0mCompiling "resources/public/cljs/out/app.js" from ["src/cljs"]...
WARNING: Use of undeclared Var shopping-demo.app/target at line 68 src\cljs\shopping_demo\app.cljs
WARNING: Use of undeclared Var shopping-demo.app/value at line 68 src\cljs\shopping_demo\app.cljs
notifying browser that file changed:  out\shopping_demo\app.js
[32mSuccessfully compiled "resources/public/cljs/out/app.js" in 1.389 seconds.[0m
[0mCompiling "resources/public/cljs/out/app.js" from ["src/cljs"]...
notifying browser that file changed:  out\shopping_demo\app.js
[32mSuccessfully compiled "resources/public/cljs/out/app.js" in 1.268 seconds.[0m
[0mCompiling "resources/public/cljs/out/app.js" from ["src/cljs"]...
notifying browser that file changed:  out\shopping_demo\app.js
[32mSuccessfully compiled "resources/public/cljs/out/app.js" in 1.014 seconds.[0m
[0mCompiling "resources/public/cljs/out/app.js" from ["src/cljs"]...
notifying browser that file changed:  out\shopping_demo\app.js
[32mSuccessfully compiled "resources/public/cljs/out/app.js" in 1.169 seconds.[0m
[0mCompiling "resources/public/cljs/out/app.js" from ["src/cljs"]...
notifying browser that file changed:  out\shopping_demo\app.js
[32mSuccessfully compiled "resources/public/cljs/out/app.js" in 1.324 seconds.[0m
sending changed CSS file: resources/public/css/app.css
sending changed CSS file: resources/public/css/app.css
sending changed CSS file: resources/public/css/app.css
sending changed CSS file: resources/public/css/app.css
sending changed CSS file: resources/public/css/app.css
sending changed CSS file: resources/public/css/app.css
sending changed CSS file: resources/public/css/app.css
sending changed CSS file: resources/public/css/app.css
sending changed CSS file: resources/public/css/app.css
sending changed CSS file: resources/public/css/app.css
[0mCompiling "resources/public/cljs/out/app.js" from ["src/cljs"]...
notifying browser that file changed:  out\shopping_demo\app.js
[32mSuccessfully compiled "resources/public/cljs/out/app.js" in 1.201 seconds.[0m
[0mCompiling "resources/public/cljs/out/app.js" from ["src/cljs"]...
notifying browser that file changed:  out\shopping_demo\app.js
[32mSuccessfully compiled "resources/public/cljs/out/app.js" in 1.0 seconds.[0m
[0mCompiling "resources/public/cljs/out/app.js" from ["src/cljs"]...
notifying browser that file changed:  out\shopping_demo\app.js
[32mSuccessfully compiled "resources/public/cljs/out/app.js" in 0.863 seconds.[0m
[0mCompiling "resources/public/cljs/out/app.js" from ["src/cljs"]...
notifying browser that file changed:  out\shopping_demo\app.js
[32mSuccessfully compiled "resources/public/cljs/out/app.js" in 0.85 seconds.[0m
sending changed CSS file: resources/public/css/app.css
sending changed CSS file: resources/public/css/app.css
sending changed CSS file: resources/public/css/app.css
sending changed CSS file: resources/public/css/app.css
sending changed CSS file: resources/public/css/app.css
sending changed CSS file: resources/public/css/app.css
sending changed CSS file: resources/public/css/app.css
sending changed CSS file: resources/public/css/app.css
sending changed CSS file: resources/public/css/app.css
sending changed CSS file: resources/public/css/app.css
sending changed CSS file: resources/public/css/app.css
sending changed CSS file: resources/public/css/app.css
sending changed CSS file: resources/public/css/app.css
sending changed CSS file: resources/public/css/app.css
[0mCompiling "resources/public/cljs/out/app.js" from ["src/cljs"]...
notifying browser that file changed:  out\shopping_demo\app.js
[32mSuccessfully compiled "resources/public/cljs/out/app.js" in 1.271 seconds.[0m
sending changed CSS file: resources/public/css/app.css
sending changed CSS file: resources/public/css/app.css
sending changed CSS file: resources/public/css/app.css
